# JRE version: OpenJDK Runtime Environment (8.0_76-b03) (build 1.8.0_76-release-b03)
# Java VM: OpenJDK 64-Bit Server VM (25.76-b03 mixed mode windows-amd64 compressed oops)
Heap:
 PSYoungGen      total 274432K, used 81182K [0x00000000eab00000, 0x0000000100000000, 0x0000000100000000)
  eden space 199680K, 18% used [0x00000000eab00000,0x00000000ecf9cc60,0x00000000f6e00000)
  from space 74752K, 58% used [0x00000000f6e00000,0x00000000f98aaf10,0x00000000fb700000)
  to   space 74752K, 0% used [0x00000000fb700000,0x00000000fb700000,0x0000000100000000)
 ParOldGen       total 324096K, used 173543K [0x00000000c0000000, 0x00000000d3c80000, 0x00000000eab00000)
  object space 324096K, 53% used [0x00000000c0000000,0x00000000ca979d40,0x00000000d3c80000)
 Metaspace       used 6339K, capacity 7216K, committed 7296K, reserved 1056768K
  class space    used 586K, capacity 616K, committed 640K, reserved 1048576K
GC Heap History (10 events):
Event: 4.933 GC heap before
{Heap before GC invocations=4 (full 0):
 PSYoungGen      total 75776K, used 75761K [0x00000000eab00000, 0x00000000f3f00000, 0x0000000100000000)
  eden space 65024K, 100% used [0x00000000eab00000,0x00000000eea80000,0x00000000eea80000)
  from space 10752K, 99% used [0x00000000eea80000,0x00000000ef4fc410,0x00000000ef500000)
  to   space 10752K, 0% used [0x00000000f3480000,0x00000000f3480000,0x00000000f3f00000)
 ParOldGen       total 173568K, used 18393K [0x00000000c0000000, 0x00000000ca980000, 0x00000000eab00000)
  object space 173568K, 10% used [0x00000000c0000000,0x00000000c11f66c0,0x00000000ca980000)
 Metaspace       used 6304K, capacity 7152K, committed 7296K, reserved 1056768K
  class space    used 585K, capacity 616K, committed 640K, reserved 1048576K
Event: 4.952 GC heap after
Heap after GC invocations=4 (full 0):
 PSYoungGen      total 140800K, used 10720K [0x00000000eab00000, 0x00000000f3f00000, 0x0000000100000000)
  eden space 130048K, 0% used [0x00000000eab00000,0x00000000eab00000,0x00000000f2a00000)
  from space 10752K, 99% used [0x00000000f3480000,0x00000000f3ef8010,0x00000000f3f00000)
  to   space 10752K, 0% used [0x00000000f2a00000,0x00000000f2a00000,0x00000000f3480000)
 ParOldGen       total 173568K, used 28728K [0x00000000c0000000, 0x00000000ca980000, 0x00000000eab00000)
  object space 173568K, 16% used [0x00000000c0000000,0x00000000c1c0e360,0x00000000ca980000)
 Metaspace       used 6304K, capacity 7152K, committed 7296K, reserved 1056768K
  class space    used 585K, capacity 616K, committed 640K, reserved 1048576K
}
Event: 5.262 GC heap before
{Heap before GC invocations=5 (full 0):
 PSYoungGen      total 140800K, used 140768K [0x00000000eab00000, 0x00000000f3f00000, 0x0000000100000000)
  eden space 130048K, 100% used [0x00000000eab00000,0x00000000f2a00000,0x00000000f2a00000)
  from space 10752K, 99% used [0x00000000f3480000,0x00000000f3ef8010,0x00000000f3f00000)
  to   space 10752K, 0% used [0x00000000f2a00000,0x00000000f2a00000,0x00000000f3480000)
 ParOldGen       total 173568K, used 28728K [0x00000000c0000000, 0x00000000ca980000, 0x00000000eab00000)
  object space 173568K, 16% used [0x00000000c0000000,0x00000000c1c0e360,0x00000000ca980000)
 Metaspace       used 6329K, capacity 7152K, committed 7296K, reserved 1056768K
  class space    used 585K, capacity 616K, committed 640K, reserved 1048576K
Event: 5.296 GC heap after
Heap after GC invocations=5 (full 0):
 PSYoungGen      total 140800K, used 10728K [0x00000000eab00000, 0x00000000ff500000, 0x0000000100000000)
  eden space 130048K, 0% used [0x00000000eab00000,0x00000000eab00000,0x00000000f2a00000)
  from space 10752K, 99% used [0x00000000f2a00000,0x00000000f347a070,0x00000000f3480000)
  to   space 38912K, 0% used [0x00000000fcf00000,0x00000000fcf00000,0x00000000ff500000)
 ParOldGen       total 173568K, used 57862K [0x00000000c0000000, 0x00000000ca980000, 0x00000000eab00000)
  object space 173568K, 33% used [0x00000000c0000000,0x00000000c3881ba8,0x00000000ca980000)
 Metaspace       used 6329K, capacity 7152K, committed 7296K, reserved 1056768K
  class space    used 585K, capacity 616K, committed 640K, reserved 1048576K
}
Event: 5.533 GC heap before
{Heap before GC invocations=6 (full 0):
 PSYoungGen      total 140800K, used 140776K [0x00000000eab00000, 0x00000000ff500000, 0x0000000100000000)
  eden space 130048K, 100% used [0x00000000eab00000,0x00000000f2a00000,0x00000000f2a00000)
  from space 10752K, 99% used [0x00000000f2a00000,0x00000000f347a070,0x00000000f3480000)
  to   space 38912K, 0% used [0x00000000fcf00000,0x00000000fcf00000,0x00000000ff500000)
 ParOldGen       total 173568K, used 57862K [0x00000000c0000000, 0x00000000ca980000, 0x00000000eab00000)
  object space 173568K, 33% used [0x00000000c0000000,0x00000000c3881ba8,0x00000000ca980000)
 Metaspace       used 6329K, capacity 7152K, committed 7296K, reserved 1056768K
  class space    used 585K, capacity 616K, committed 640K, reserved 1048576K
Event: 5.574 GC heap after
Heap after GC invocations=6 (full 0):
 PSYoungGen      total 238592K, used 38907K [0x00000000eab00000, 0x0000000100000000, 0x0000000100000000)
  eden space 199680K, 0% used [0x00000000eab00000,0x00000000eab00000,0x00000000f6e00000)
  from space 38912K, 99% used [0x00000000fcf00000,0x00000000ff4fee68,0x00000000ff500000)
  to   space 74752K, 0% used [0x00000000f6e00000,0x00000000f6e00000,0x00000000fb700000)
 ParOldGen       total 173568K, used 109384K [0x00000000c0000000, 0x00000000ca980000, 0x00000000eab00000)
  object space 173568K, 63% used [0x00000000c0000000,0x00000000c6ad2078,0x00000000ca980000)
 Metaspace       used 6329K, capacity 7152K, committed 7296K, reserved 1056768K
  class space    used 585K, capacity 616K, committed 640K, reserved 1048576K
}
Event: 5.819 GC heap before
{Heap before GC invocations=7 (full 0):
 PSYoungGen      total 238592K, used 238587K [0x00000000eab00000, 0x0000000100000000, 0x0000000100000000)
  eden space 199680K, 100% used [0x00000000eab00000,0x00000000f6e00000,0x00000000f6e00000)
  from space 38912K, 99% used [0x00000000fcf00000,0x00000000ff4fee68,0x00000000ff500000)
  to   space 74752K, 0% used [0x00000000f6e00000,0x00000000f6e00000,0x00000000fb700000)
 ParOldGen       total 173568K, used 109384K [0x00000000c0000000, 0x00000000ca980000, 0x00000000eab00000)
  object space 173568K, 63% used [0x00000000c0000000,0x00000000c6ad2078,0x00000000ca980000)
 Metaspace       used 6339K, capacity 7216K, committed 7296K, reserved 1056768K
  class space    used 586K, capacity 616K, committed 640K, reserved 1048576K
Event: 5.883 GC heap after
Heap after GC invocations=7 (full 0):
 PSYoungGen      total 274432K, used 74750K [0x00000000eab00000, 0x0000000100000000, 0x0000000100000000)
  eden space 199680K, 0% used [0x00000000eab00000,0x00000000eab00000,0x00000000f6e00000)
  from space 74752K, 99% used [0x00000000f6e00000,0x00000000fb6ffaa0,0x00000000fb700000)
  to   space 74752K, 0% used [0x00000000fb700000,0x00000000fb700000,0x0000000100000000)
 ParOldGen       total 173568K, used 157582K [0x00000000c0000000, 0x00000000ca980000, 0x00000000eab00000)
  object space 173568K, 90% used [0x00000000c0000000,0x00000000c99e3918,0x00000000ca980000)
 Metaspace       used 6339K, capacity 7216K, committed 7296K, reserved 1056768K
  class space    used 586K, capacity 616K, committed 640K, reserved 1048576K
}
Event: 5.883 GC heap before
{Heap before GC invocations=8 (full 1):
 PSYoungGen      total 274432K, used 74750K [0x00000000eab00000, 0x0000000100000000, 0x0000000100000000)
  eden space 199680K, 0% used [0x00000000eab00000,0x00000000eab00000,0x00000000f6e00000)
  from space 74752K, 99% used [0x00000000f6e00000,0x00000000fb6ffaa0,0x00000000fb700000)
  to   space 74752K, 0% used [0x00000000fb700000,0x00000000fb700000,0x0000000100000000)
 ParOldGen       total 173568K, used 157582K [0x00000000c0000000, 0x00000000ca980000, 0x00000000eab00000)
  object space 173568K, 90% used [0x00000000c0000000,0x00000000c99e3918,0x00000000ca980000)
 Metaspace       used 6339K, capacity 7216K, committed 7296K, reserved 1056768K
  class space    used 586K, capacity 616K, committed 640K, reserved 1048576K
Event: 6.365 GC heap after
Heap after GC invocations=8 (full 1):
 PSYoungGen      total 274432K, used 43691K [0x00000000eab00000, 0x0000000100000000, 0x0000000100000000)
  eden space 199680K, 0% used [0x00000000eab00000,0x00000000eab00000,0x00000000f6e00000)
  from space 74752K, 58% used [0x00000000f6e00000,0x00000000f98aaf10,0x00000000fb700000)
  to   space 74752K, 0% used [0x00000000fb700000,0x00000000fb700000,0x0000000100000000)
 ParOldGen       total 324096K, used 173543K [0x00000000c0000000, 0x00000000d3c80000, 0x00000000eab00000)
  object space 324096K, 53% used [0x00000000c0000000,0x00000000ca979d40,0x00000000d3c80000)
 Metaspace       used 6339K, capacity 7216K, committed 7296K, reserved 1056768K
  class space    used 586K, capacity 616K, committed 640K, reserved 1048576K
}

